<?xml version="1.0" encoding="UTF-8"?>
<!-- Generated by org.testng.reporters.JUnitReportReporter -->
<testsuite hostname="Venki-PC" name="com.wqba.samplemaven.Zillow.TestZillowHomePage" tests="1" failures="0" timestamp="6 Dec 2013 21:59:02 GMT" time="52.653" errors="0">
  <testcase name="testLogoTitle" time="52.653" classname="com.wqba.samplemaven.Zillow.TestZillowHomePage"/>
</testsuite> <!-- com.wqba.samplemaven.Zillow.TestZillowHomePage -->
