<?xml version="1.0" encoding="UTF-8"?>
<!-- Generated by org.testng.reporters.JUnitReportReporter -->
<testsuite hostname="Venki-PC" name="com.wqba.samplemaven.Zillow.TestZillowHomePage" tests="1" failures="0" timestamp="12 Dec 2013 19:19:40 GMT" time="31.110" errors="0">
  <testcase name="testLogoTitle" time="31.110" classname="com.wqba.samplemaven.Zillow.TestZillowHomePage"/>
</testsuite> <!-- com.wqba.samplemaven.Zillow.TestZillowHomePage -->
